2025-01-05 17:44:00 | INFO | repo=pv243-a4m36jee-2016-security-seminar | action=test | passed=true
2025-04-17 21:35:00 | WARN | repo=pv243-a4m36jee-2016-security-seminar | action=pull
2025-08-13 21:51:00 | WARN | repo=pv243-a4m36jee-2016-security-seminar | action=commit
2025-04-19 12:51:00 | DEBUG | repo=pv243-a4m36jee-2016-security-seminar | action=commit
2025-10-22 14:52:00 | DEBUG | repo=pv243-a4m36jee-2016-security-seminar | action=commit
2025-08-26 12:18:00 | DEBUG | repo=pv243-a4m36jee-2016-security-seminar | action=commit
2025-06-27 21:09:00 | DEBUG | repo=pv243-a4m36jee-2016-security-seminar | action=pull
2025-05-21 07:53:00 | INFO | repo=pv243-a4m36jee-2016-security-seminar | action=edit | files=4
2025-02-27 16:49:00 | INFO | repo=pv243-a4m36jee-2016-security-seminar | action=pull
2025-07-11 13:53:00 | INFO | repo=pv243-a4m36jee-2016-security-seminar | action=commit
2025-10-01 21:38:00 | DEBUG | repo=pv243-a4m36jee-2016-security-seminar | action=commit
2025-10-18 14:38:00 | WARN | repo=pv243-a4m36jee-2016-security-seminar | action=commit
2025-07-25 17:35:00 | INFO | repo=pv243-a4m36jee-2016-security-seminar | action=commit
2025-04-12 16:41:00 | WARN | repo=pv243-a4m36jee-2016-security-seminar | action=test | passed=true
2025-01-27 19:12:00 | INFO | repo=pv243-a4m36jee-2016-security-seminar | action=commit
2025-01-21 20:40:00 | INFO | repo=pv243-a4m36jee-2016-security-seminar | action=commit
2025-09-01 20:17:00 | DEBUG | repo=pv243-a4m36jee-2016-security-seminar | action=commit
2025-06-24 18:26:00 | WARN | repo=pv243-a4m36jee-2016-security-seminar | action=edit | files=5
2025-04-13 09:40:00 | WARN | repo=pv243-a4m36jee-2016-security-seminar | action=commit
2025-02-01 17:50:00 | INFO | repo=pv243-a4m36jee-2016-security-seminar | action=commit
2025-10-13 10:23:00 | INFO | repo=pv243-a4m36jee-2016-security-seminar | action=pull
2025-09-19 11:05:00 | DEBUG | repo=pv243-a4m36jee-2016-security-seminar | action=commit
2025-12-26 20:01:00 | INFO | repo=pv243-a4m36jee-2016-security-seminar | action=commit
2025-02-07 14:02:00 | INFO | repo=pv243-a4m36jee-2016-security-seminar | action=commit
2025-03-13 17:57:00 | WARN | repo=pv243-a4m36jee-2016-security-seminar | action=commit
2025-12-19 07:50:00 | INFO | repo=pv243-a4m36jee-2016-security-seminar | action=edit | files=5
2025-10-11 21:52:00 | WARN | repo=pv243-a4m36jee-2016-security-seminar | action=edit | files=3
2025-12-23 16:17:00 | WARN | repo=pv243-a4m36jee-2016-security-seminar | action=commit
2025-12-20 18:01:00 | DEBUG | repo=pv243-a4m36jee-2016-security-seminar | action=edit | files=3
2025-01-08 07:04:00 | INFO | repo=pv243-a4m36jee-2016-security-seminar | action=commit
2025-11-09 09:06:00 | DEBUG | repo=pv243-a4m36jee-2016-security-seminar | action=commit
2025-05-01 18:16:00 | INFO | repo=pv243-a4m36jee-2016-security-seminar | action=test | passed=true
2025-09-10 20:25:00 | WARN | repo=pv243-a4m36jee-2016-security-seminar | action=commit
2025-04-11 08:32:00 | DEBUG | repo=pv243-a4m36jee-2016-security-seminar | action=commit
2025-10-23 09:57:00 | DEBUG | repo=pv243-a4m36jee-2016-security-seminar | action=commit
2025-01-01 09:22:00 | DEBUG | repo=pv243-a4m36jee-2016-security-seminar | action=edit | files=3
2025-03-21 19:03:00 | DEBUG | repo=pv243-a4m36jee-2016-security-seminar | action=commit
2025-06-11 08:26:00 | WARN | repo=pv243-a4m36jee-2016-security-seminar | action=edit | files=4
2025-12-01 09:48:00 | DEBUG | repo=pv243-a4m36jee-2016-security-seminar | action=commit
2025-02-03 11:11:00 | DEBUG | repo=pv243-a4m36jee-2016-security-seminar | action=commit
2025-12-05 07:41:00 | DEBUG | repo=pv243-a4m36jee-2016-security-seminar | action=commit
2025-11-13 10:52:00 | WARN | repo=pv243-a4m36jee-2016-security-seminar | action=commit
